<?xml version="1.0" encoding="UTF-8"?>
<!-- Generated by org.testng.reporters.JUnitReportReporter -->
<testsuite hostname="LAPTOP-S08TGJ2M" failures="0" tests="3" name="extra.priority" time="0.019" errors="0" timestamp="2022-10-03T17:29:15 IST" skipped="0">
  <testcase classname="extra.priority" name="login" time="0.014"/>
  <system-out/>
  <testcase classname="extra.priority" name="creatework" time="0.003"/>
  <system-out/>
  <testcase classname="extra.priority" name="deletework" time="0.002"/>
  <system-out/>
</testsuite> <!-- extra.priority -->
