<?xml version="1.0" encoding="UTF-8"?>
<!-- Generated by org.testng.reporters.JUnitReportReporter -->
<testsuite hostname="LAPTOP-S08TGJ2M" failures="0" tests="1" name="extra.invocationcount" time="0.017" errors="0" timestamp="2022-10-03T17:36:45 IST" skipped="0">
  <testcase classname="extra.invocationcount" name="login" time="0.017"/>
  <system-out/>
</testsuite> <!-- extra.invocationcount -->
