<?xml version="1.0" encoding="UTF-8"?>
<!-- Generated by org.testng.reporters.JUnitReportReporter -->
<testsuite hostname="LAPTOP-S08TGJ2M" failures="0" tests="1" name="TestNG1.Bandita" time="0.004" errors="0" timestamp="2022-09-30T20:02:30 IST" skipped="0">
  <testcase classname="TestNG1.Bandita" name="login" time="0.004"/>
  <system-out/>
</testsuite> <!-- TestNG1.Bandita -->
