<?xml version="1.0" encoding="UTF-8"?>
<!-- Generated by org.testng.reporters.JUnitReportReporter -->
<testsuite hostname="LAPTOP-S08TGJ2M" failures="0" tests="1" name="TestNG1.logincreateworklogout" time="45.668" errors="0" timestamp="2022-10-04T19:32:12 IST" skipped="0">
  <testcase classname="TestNG1.logincreateworklogout" name="Login" time="45.668"/>
  <system-out/>
</testsuite> <!-- TestNG1.logincreateworklogout -->
