<?xml version="1.0" encoding="UTF-8"?>
<!-- Generated by org.testng.reporters.JUnitReportReporter -->
<testsuite hostname="LAPTOP-S08TGJ2M" failures="0" tests="2" name="extra.skiptheexecution" time="0.014" errors="0" timestamp="2022-10-05T14:10:37 IST" skipped="1">
  <testcase classname="extra.skiptheexecution" name="a" time="0.014"/>
  <system-out/>
  <testcase classname="extra.skiptheexecution" name="b">
    <skipped/>
  </testcase> <!-- b -->
  <system-out/>
</testsuite> <!-- extra.skiptheexecution -->
