<?xml version="1.0" encoding="UTF-8"?>
<!-- Generated by org.testng.reporters.JUnitReportReporter -->
<testsuite hostname="LAPTOP-S08TGJ2M" failures="0" tests="1" name="TestNG1.logincreateleavetypelogout" time="40.376" errors="0" timestamp="2022-10-04T19:59:59 IST" skipped="0">
  <testcase classname="TestNG1.logincreateleavetypelogout" name="Login" time="40.376"/>
  <system-out/>
</testsuite> <!-- TestNG1.logincreateleavetypelogout -->
