<?xml version="1.0" encoding="UTF-8"?>
<!-- Generated by org.testng.reporters.JUnitReportReporter -->
<testsuite hostname="LAPTOP-S08TGJ2M" failures="0" tests="1" name="TestNG1.Loginlogout" time="24.404" errors="0" timestamp="2022-09-30T20:36:01 IST" skipped="0">
  <testcase classname="TestNG1.Loginlogout" name="Login" time="24.404"/>
  <system-out/>
</testsuite> <!-- TestNG1.Loginlogout -->
