<?xml version="1.0" encoding="UTF-8"?>
<!-- Generated by org.testng.reporters.JUnitReportReporter -->
<testsuite hostname="LAPTOP-S08TGJ2M" failures="0" tests="1" name="TestNG1.logindeleteleavetypelogout" time="69.699" errors="0" timestamp="2022-10-04T22:37:47 IST" skipped="0">
  <testcase classname="TestNG1.logindeleteleavetypelogout" name="Login" time="69.699"/>
  <system-out/>
</testsuite> <!-- TestNG1.logindeleteleavetypelogout -->
