<?xml version="1.0" encoding="UTF-8"?>
<!-- Generated by org.testng.reporters.JUnitReportReporter -->
<testsuite hostname="LAPTOP-S08TGJ2M" failures="0" tests="1" name="TestNG1.logindeletetypeofworklogout" time="46.931" errors="0" timestamp="2022-10-05T23:36:17 IST" skipped="0">
  <testcase classname="TestNG1.logindeletetypeofworklogout" name="Login" time="46.931"/>
  <system-out/>
</testsuite> <!-- TestNG1.logindeletetypeofworklogout -->
