<?xml version="1.0" encoding="UTF-8"?>
<!-- Generated by org.testng.reporters.JUnitReportReporter -->
<testsuite hostname="LAPTOP-S08TGJ2M" failures="0" tests="1" name="TestNG1.logincreatecutomerlogout" time="33.608" errors="0" timestamp="2022-10-04T19:03:41 IST" skipped="0">
  <testcase classname="TestNG1.logincreatecutomerlogout" name="Login" time="33.608"/>
  <system-out/>
</testsuite> <!-- TestNG1.logincreatecutomerlogout -->
