<?xml version="1.0" encoding="UTF-8"?>
<!-- Generated by org.testng.reporters.JUnitReportReporter -->
<testsuite hostname="LAPTOP-S08TGJ2M" failures="0" tests="3" name="extra.multipletestmethods" time="0.028" errors="0" timestamp="2022-10-03T17:27:13 IST" skipped="0">
  <testcase classname="extra.multipletestmethods" name="creatework" time="0.023"/>
  <system-out/>
  <testcase classname="extra.multipletestmethods" name="login" time="0.003"/>
  <system-out/>
  <testcase classname="extra.multipletestmethods" name="deletework" time="0.002"/>
  <system-out/>
</testsuite> <!-- extra.multipletestmethods -->
