<?xml version="1.0" encoding="UTF-8"?>
<!-- Generated by org.testng.reporters.JUnitReportReporter -->
<testsuite hostname="LAPTOP-S08TGJ2M" failures="0" tests="1" name="TestNG1.logindeletecustomerandlogout" time="49.411" errors="0" timestamp="2022-10-04T21:49:37 IST" skipped="0">
  <testcase classname="TestNG1.logindeletecustomerandlogout" name="Login" time="49.411"/>
  <system-out/>
</testsuite> <!-- TestNG1.logindeletecustomerandlogout -->
